<?xml version="1.0" encoding="UTF-8"?>
<!-- Generated by org.testng.reporters.JUnitXMLReporter -->
<testsuite ignored="0" hostname="BLRKEC122528LT" failures="0" tests="4" name="OrangeHRM" time="204.05" errors="0" timestamp="2024-05-25T16:23:12 IST">
  <testcase classname="org.example.tests.OrangeHRMTest" name="testLoginFunctionality" time="27.171"/>
  <testcase classname="org.example.tests.OrangeHRMTest" name="testPunchInAndPunchOutFunctionality" time="70.269"/>
  <testcase classname="org.example.tests.OrangeHRMTest" name="testQuickLaunchButtons" time="35.493"/>
  <testcase classname="org.example.tests.OrangeHRMTest" name="testUsernameAndPasswordFields" time="7.213"/>
</testsuite> <!-- OrangeHRM -->
