<?xml version="1.0" encoding="UTF-8"?>
<testng-results ignored="0" total="4" passed="4" failed="0" skipped="0">
  <reporter-output>
  </reporter-output>
  <suite started-at="2024-05-25T16:19:47 IST" name="Default Suite" finished-at="2024-05-25T16:23:11 IST" duration-ms="204050">
    <groups>
    </groups>
    <test started-at="2024-05-25T16:19:47 IST" name="OrangeHRM" finished-at="2024-05-25T16:23:11 IST" duration-ms="204050">
      <class name="org.example.tests.OrangeHRMTest">
        <test-method is-config="true" signature="setUp()[pri:0, instance:org.example.tests.OrangeHRMTest@776b83cc]" started-at="2024-05-25T16:19:47 IST" name="setUp" finished-at="2024-05-25T16:19:47 IST" duration-ms="37" status="PASS">
          <reporter-output>
          </reporter-output>
        </test-method> <!-- setUp -->
        <test-method is-config="true" signature="init()[pri:0, instance:org.example.tests.OrangeHRMTest@776b83cc]" started-at="2024-05-25T16:19:47 IST" name="init" finished-at="2024-05-25T16:19:59 IST" duration-ms="11931" status="PASS">
          <reporter-output>
          </reporter-output>
        </test-method> <!-- init -->
        <test-method signature="testLoginFunctionality()[pri:0, instance:org.example.tests.OrangeHRMTest@776b83cc]" started-at="2024-05-25T16:19:59 IST" name="testLoginFunctionality" finished-at="2024-05-25T16:20:26 IST" duration-ms="27171" status="PASS">
          <reporter-output>
          </reporter-output>
        </test-method> <!-- testLoginFunctionality -->
        <test-method is-config="true" signature="tearDown()[pri:0, instance:org.example.tests.OrangeHRMTest@776b83cc]" started-at="2024-05-25T16:20:26 IST" name="tearDown" finished-at="2024-05-25T16:20:26 IST" duration-ms="158" status="PASS">
          <reporter-output>
          </reporter-output>
        </test-method> <!-- tearDown -->
        <test-method is-config="true" signature="init()[pri:0, instance:org.example.tests.OrangeHRMTest@776b83cc]" started-at="2024-05-25T16:20:26 IST" name="init" finished-at="2024-05-25T16:20:38 IST" duration-ms="11519" status="PASS">
          <reporter-output>
          </reporter-output>
        </test-method> <!-- init -->
        <test-method signature="testPunchInAndPunchOutFunctionality()[pri:0, instance:org.example.tests.OrangeHRMTest@776b83cc]" started-at="2024-05-25T16:20:38 IST" name="testPunchInAndPunchOutFunctionality" finished-at="2024-05-25T16:21:48 IST" duration-ms="70269" status="PASS">
          <reporter-output>
          </reporter-output>
        </test-method> <!-- testPunchInAndPunchOutFunctionality -->
        <test-method is-config="true" signature="tearDown()[pri:0, instance:org.example.tests.OrangeHRMTest@776b83cc]" started-at="2024-05-25T16:21:48 IST" name="tearDown" finished-at="2024-05-25T16:21:48 IST" duration-ms="198" status="PASS">
          <reporter-output>
          </reporter-output>
        </test-method> <!-- tearDown -->
        <test-method is-config="true" signature="init()[pri:0, instance:org.example.tests.OrangeHRMTest@776b83cc]" started-at="2024-05-25T16:21:48 IST" name="init" finished-at="2024-05-25T16:22:06 IST" duration-ms="17988" status="PASS">
          <reporter-output>
          </reporter-output>
        </test-method> <!-- init -->
        <test-method signature="testQuickLaunchButtons()[pri:0, instance:org.example.tests.OrangeHRMTest@776b83cc]" started-at="2024-05-25T16:22:06 IST" name="testQuickLaunchButtons" finished-at="2024-05-25T16:22:42 IST" duration-ms="35493" status="PASS">
          <reporter-output>
          </reporter-output>
        </test-method> <!-- testQuickLaunchButtons -->
        <test-method is-config="true" signature="tearDown()[pri:0, instance:org.example.tests.OrangeHRMTest@776b83cc]" started-at="2024-05-25T16:22:42 IST" name="tearDown" finished-at="2024-05-25T16:22:42 IST" duration-ms="162" status="PASS">
          <reporter-output>
          </reporter-output>
        </test-method> <!-- tearDown -->
        <test-method is-config="true" signature="init()[pri:0, instance:org.example.tests.OrangeHRMTest@776b83cc]" started-at="2024-05-25T16:22:42 IST" name="init" finished-at="2024-05-25T16:23:04 IST" duration-ms="21628" status="PASS">
          <reporter-output>
          </reporter-output>
        </test-method> <!-- init -->
        <test-method signature="testUsernameAndPasswordFields()[pri:0, instance:org.example.tests.OrangeHRMTest@776b83cc]" started-at="2024-05-25T16:23:04 IST" name="testUsernameAndPasswordFields" finished-at="2024-05-25T16:23:11 IST" duration-ms="7213" status="PASS">
          <reporter-output>
          </reporter-output>
        </test-method> <!-- testUsernameAndPasswordFields -->
        <test-method is-config="true" signature="tearDown()[pri:0, instance:org.example.tests.OrangeHRMTest@776b83cc]" started-at="2024-05-25T16:23:11 IST" name="tearDown" finished-at="2024-05-25T16:23:11 IST" duration-ms="167" status="PASS">
          <reporter-output>
          </reporter-output>
        </test-method> <!-- tearDown -->
      </class> <!-- org.example.tests.OrangeHRMTest -->
    </test> <!-- OrangeHRM -->
  </suite> <!-- Default Suite -->
</testng-results>
