<?xml version="1.0" encoding="UTF-8"?>
<!-- Generated by org.testng.reporters.JUnitReportReporter -->
<testsuite hostname="BLRKEC122528LT" failures="0" tests="4" name="org.example.tests.OrangeHRMTest" time="203.897" errors="0" timestamp="2024-05-25T16:23:12 IST" skipped="0">
  <testcase classname="org.example.tests.OrangeHRMTest" name="testPunchInAndPunchOutFunctionality" time="81.986"/>
  <testcase classname="org.example.tests.OrangeHRMTest" name="testUsernameAndPasswordFields" time="25.363"/>
  <testcase classname="org.example.tests.OrangeHRMTest" name="testQuickLaunchButtons" time="47.582"/>
  <testcase classname="org.example.tests.OrangeHRMTest" name="testLoginFunctionality" time="48.966"/>
</testsuite> <!-- org.example.tests.OrangeHRMTest -->
